> model_rf
Random Forest 

9619 samples
  32 predictor
   5 classes: 'A', 'B', 'C', 'D', 'E' 

No pre-processing
Resampling: Bootstrapped (25 reps) 
Summary of sample sizes: 9619, 9619, 9619, 9619, 9619, 9619, ... 
Resampling results across tuning parameters:

  mtry  Accuracy   Kappa      Accuracy SD  Kappa SD   
   2    0.9183566  0.8967306  0.005699976  0.007206710
  17    0.9128979  0.8898063  0.005790376  0.007311814
  33    0.8972072  0.8699689  0.007409072  0.009389432

Accuracy was used to select the optimal model using  the largest value.
The final value used for the model was mtry = 2. 



> confusionMatrix(predictions_rf, validation_data$classe)
Confusion Matrix and Statistics

          Reference
Prediction    A    B    C    D    E
         A 1135   23   14    6    4
         B   12  730   32   12    7
         C    9   31  651   36   12
         D   11    7   17  615    6
         E    4    6    4    6  728

Overall Statistics
                                          
               Accuracy : 0.9371          
                 95% CI : (0.9293, 0.9443)
    No Information Rate : 0.2844          
    P-Value [Acc > NIR] : < 2e-16         
                                          
                  Kappa : 0.9204          
 Mcnemar's Test P-Value : 0.05113         

Statistics by Class:

                     Class: A Class: B Class: C Class: D Class: E
Sensitivity            0.9693   0.9159   0.9067   0.9111   0.9617
Specificity            0.9841   0.9810   0.9741   0.9881   0.9940
Pos Pred Value         0.9602   0.9206   0.8809   0.9375   0.9733
Neg Pred Value         0.9877   0.9798   0.9802   0.9827   0.9914
Prevalence             0.2844   0.1935   0.1744   0.1639   0.1838
Detection Rate         0.2756   0.1773   0.1581   0.1493   0.1768
Detection Prevalence   0.2870   0.1926   0.1795   0.1593   0.1816
Balanced Accuracy      0.9767   0.9485   0.9404   0.9496   0.9779



> confusionMatrix(test_rf, test_data$classe)
Confusion Matrix and Statistics

          Reference
Prediction    A    B    C    D    E
         A 1603   44   21   16    7
         B   26 1031   28   15    6
         C   12   35  942   54   10
         D   26   10   30  873   26
         E    7   19    5    6 1033

Overall Statistics
                                          
               Accuracy : 0.9315          
                 95% CI : (0.9248, 0.9378)
    No Information Rate : 0.2845          
    P-Value [Acc > NIR] : < 2.2e-16       
                                          
                  Kappa : 0.9134          
 Mcnemar's Test P-Value : 2.513e-05       

Statistics by Class:

                     Class: A Class: B Class: C Class: D Class: E
Sensitivity            0.9576   0.9052   0.9181   0.9056   0.9547
Specificity            0.9791   0.9842   0.9772   0.9813   0.9923
Pos Pred Value         0.9480   0.9322   0.8946   0.9047   0.9654
Neg Pred Value         0.9831   0.9774   0.9826   0.9815   0.9898
Prevalence             0.2845   0.1935   0.1743   0.1638   0.1839
Detection Rate         0.2724   0.1752   0.1601   0.1483   0.1755
Detection Prevalence   0.2873   0.1879   0.1789   0.1640   0.1818
Balanced Accuracy      0.9683   0.9447   0.9476   0.9435   0.9735