> model_rf
Random Forest 

9619 samples
  32 predictor
   5 classes: 'A', 'B', 'C', 'D', 'E' 

No pre-processing
Resampling: Bootstrapped (25 reps) 
Summary of sample sizes: 9619, 9619, 9619, 9619, 9619, 9619, ... 
Resampling results across tuning parameters:

  mtry  Accuracy   Kappa      Accuracy SD  Kappa SD   
   2    0.9183566  0.8967306  0.005699976  0.007206710
  17    0.9128979  0.8898063  0.005790376  0.007311814
  33    0.8972072  0.8699689  0.007409072  0.009389432

Accuracy was used to select the optimal model using  the largest value.
The final value used for the model was mtry = 2. 



> confusionMatrix(predictions_rf, validation_data$classe)
Confusion Matrix and Statistics

          Reference
Prediction    A    B    C    D    E
         A 1135   23   14    6    4
         B   12  730   32   12    7
         C    9   31  651   36   12
         D   11    7   17  615    6
         E    4    6    4    6  728

Overall Statistics
                                          
               Accuracy : 0.9371          
                 95% CI : (0.9293, 0.9443)
    No Information Rate : 0.2844          
    P-Value [Acc > NIR] : < 2e-16         
                                          
                  Kappa : 0.9204          
 Mcnemar's Test P-Value : 0.05113         

Statistics by Class:

                     Class: A Class: B Class: C Class: D Class: E
Sensitivity            0.9693   0.9159   0.9067   0.9111   0.9617
Specificity            0.9841   0.9810   0.9741   0.9881   0.9940
Pos Pred Value         0.9602   0.9206   0.8809   0.9375   0.9733
Neg Pred Value         0.9877   0.9798   0.9802   0.9827   0.9914
Prevalence             0.2844   0.1935   0.1744   0.1639   0.1838
Detection Rate         0.2756   0.1773   0.1581   0.1493   0.1768
Detection Prevalence   0.2870   0.1926   0.1795   0.1593   0.1816
Balanced Accuracy      0.9767   0.9485   0.9404   0.9496   0.9779



> confusionMatrix(test_rf, test_data$classe)
Confusion Matrix and Statistics

          Reference
Prediction    A    B    C    D    E
         A 1603   44   21   16    7
         B   26 1031   28   15    6
         C   12   35  942   54   10
         D   26   10   30  873   26
         E    7   19    5    6 1033

Overall Statistics
                                          
               Accuracy : 0.9315          
                 95% CI : (0.9248, 0.9378)
    No Information Rate : 0.2845          
    P-Value [Acc > NIR] : < 2.2e-16       
                                          
                  Kappa : 0.9134          
 Mcnemar's Test P-Value : 2.513e-05       

Statistics by Class:

                     Class: A Class: B Class: C Class: D Class: E
Sensitivity            0.9576   0.9052   0.9181   0.9056   0.9547
Specificity            0.9791   0.9842   0.9772   0.9813   0.9923
Pos Pred Value         0.9480   0.9322   0.8946   0.9047   0.9654
Neg Pred Value         0.9831   0.9774   0.9826   0.9815   0.9898
Prevalence             0.2845   0.1935   0.1743   0.1638   0.1839
Detection Rate         0.2724   0.1752   0.1601   0.1483   0.1755
Detection Prevalence   0.2873   0.1879   0.1789   0.1640   0.1818
Balanced Accuracy      0.9683   0.9447   0.9476   0.9435   0.9735



> model_gbm
Stochastic Gradient Boosting 

9619 samples
  32 predictor
   5 classes: 'A', 'B', 'C', 'D', 'E' 

No pre-processing
Resampling: Bootstrapped (25 reps) 
Summary of sample sizes: 9619, 9619, 9619, 9619, 9619, 9619, ... 
Resampling results across tuning parameters:

  interaction.depth  n.trees  Accuracy   Kappa      Accuracy SD  Kappa SD   
  1                   50      0.5747498  0.4572503  0.006820083  0.008559442
  1                  100      0.6181271  0.5152437  0.008684353  0.010867269
  1                  150      0.6422415  0.5463827  0.007749651  0.009747921
  2                   50      0.6472966  0.5527568  0.009126116  0.011627095
  2                  100      0.7046292  0.6261011  0.008456892  0.010677341
  2                  150      0.7368531  0.6670288  0.007693298  0.009647918
  3                   50      0.6937515  0.6121222  0.007942575  0.010059980
  3                  100      0.7500096  0.6836633  0.009477648  0.012008356
  3                  150      0.7806758  0.7225392  0.008299262  0.010467022

Tuning parameter 'shrinkage' was held constant at a value of 0.1
Tuning parameter 'n.minobsinnode' was held constant at a value of 10
Accuracy was used to select the optimal model using  the largest value.
The final values used for the model were n.trees = 150, interaction.depth = 3, shrinkage = 0.1 and n.minobsinnode = 10. 



> confusionMatrix(predictions_gbm, validation_data$classe)
Confusion Matrix and Statistics

          Reference
Prediction    A    B    C    D    E
         A 1035   64   40   28   30
         B   34  570   70   36   51
         C   42   87  559   84   32
         D   41   30   36  507   41
         E   19   46   13   20  603

Overall Statistics
                                          
               Accuracy : 0.795           
                 95% CI : (0.7824, 0.8073)
    No Information Rate : 0.2844          
    P-Value [Acc > NIR] : < 2.2e-16       
                                          
                  Kappa : 0.7406          
 Mcnemar's Test P-Value : 1.573e-07       

Statistics by Class:

                     Class: A Class: B Class: C Class: D Class: E
Sensitivity            0.8839   0.7152   0.7786   0.7511   0.7966
Specificity            0.9450   0.9425   0.9279   0.9570   0.9708
Pos Pred Value         0.8647   0.7490   0.6953   0.7740   0.8602
Neg Pred Value         0.9534   0.9324   0.9520   0.9515   0.9549
Prevalence             0.2844   0.1935   0.1744   0.1639   0.1838
Detection Rate         0.2513   0.1384   0.1357   0.1231   0.1464
Detection Prevalence   0.2907   0.1848   0.1952   0.1591   0.1702
Balanced Accuracy      0.9144   0.8288   0.8532   0.8541   0.8837



> confusionMatrix(test_gbm, test_data$classe)
Confusion Matrix and Statistics

          Reference
Prediction    A    B    C    D    E
         A 1423  111   58   44   47
         B   77  785   78   47   85
         C   56  119  819   98   63
         D   92   51   42  739   78
         E   26   73   29   36  809

Overall Statistics
                                         
               Accuracy : 0.7774         
                 95% CI : (0.7666, 0.788)
    No Information Rate : 0.2845         
    P-Value [Acc > NIR] : < 2.2e-16      
                                         
                  Kappa : 0.7185         
 Mcnemar's Test P-Value : 7.671e-15      

Statistics by Class:

                     Class: A Class: B Class: C Class: D Class: E
Sensitivity            0.8501   0.6892   0.7982   0.7666   0.7477
Specificity            0.9383   0.9395   0.9308   0.9466   0.9659
Pos Pred Value         0.8455   0.7323   0.7091   0.7375   0.8314
Neg Pred Value         0.9403   0.9264   0.9562   0.9539   0.9444
Prevalence             0.2845   0.1935   0.1743   0.1638   0.1839
Detection Rate         0.2418   0.1334   0.1392   0.1256   0.1375
Detection Prevalence   0.2860   0.1822   0.1963   0.1703   0.1653
Balanced Accuracy      0.8942   0.8144   0.8645   0.8566   0.8568